\BOOKMARK [1][-]{section*.2}{\376\377\004\022\004\062\004\065\004\064\004\065\004\075\004\070\004\065}{}% 1
\BOOKMARK [0][-]{chapter.1}{\376\377\004\042\004\065\004\076\004\100\004\065\004\102\004\070\004\107\004\065\004\101\004\072\004\060\004\117\000\040\004\107\004\060\004\101\004\102\004\114}{}% 2
\BOOKMARK [1][-]{section.1.1}{\376\377\004\034\004\060\004\102\004\065\004\074\004\060\004\102\004\070\004\107\004\065\004\101\004\072\004\076\004\065\000\040\004\076\004\077\004\070\004\101\004\060\004\075\004\070\004\065\000\040\004\074\004\076\004\064\004\065\004\073\004\070\000\040\000m\000u\000l\000t\000i\000n\000o\000m}{chapter.1}% 3
\BOOKMARK [2][-]{subsection.1.1.1}{\376\377\004\022\004\065\004\100\004\076\004\117\004\102\004\075\004\076\004\101\004\102\004\070\000\040\004\072\004\073\004\060\004\101\004\101\004\076\004\062\000\040\000\050\000s\000o\000f\000t\000m\000a\000x\000\051}{section.1.1}% 4
\BOOKMARK [2][-]{subsection.1.1.2}{\376\377\004\044\004\103\004\075\004\072\004\106\004\070\004\117\000\040\004\077\004\100\004\060\004\062\004\064\004\076\004\077\004\076\004\064\004\076\004\061\004\070\004\117}{section.1.1}% 5
\BOOKMARK [2][-]{subsection.1.1.3}{\376\377\004\037\004\100\004\076\004\106\004\065\004\064\004\103\004\100\004\060\000\040\004\076\004\077\004\102\004\070\004\074\004\070\004\067\004\060\004\106\004\070\004\070}{section.1.1}% 6
\BOOKMARK [2][-]{subsection.1.1.4}{\376\377\004\037\004\100\004\065\004\064\004\101\004\072\004\060\004\067\004\060\004\075\004\070\004\065\000\040\004\067\004\075\004\060\004\107\004\065\004\075\004\070\004\071}{section.1.1}% 7
\BOOKMARK [2][-]{subsection.1.1.5}{\376\377\004\036\004\106\004\065\004\075\004\072\004\060\000\040\004\074\004\076\004\064\004\065\004\073\004\070}{section.1.1}% 8
\BOOKMARK [3][-]{subsubsection.1.1.5.1}{\376\377\004\034\004\060\004\102\004\100\004\070\004\106\004\060\000\040\004\077\004\103\004\102\004\060\004\075\004\075\004\076\004\101\004\102\004\070}{subsection.1.1.5}% 9
\BOOKMARK [3][-]{subsubsection.1.1.5.2}{\376\377\000R\000O\000C\000-\004\072\004\100\004\070\004\062\004\113\004\065}{subsection.1.1.5}% 10
\BOOKMARK [2][-]{subsection.1.1.6}{\376\377\004\024\004\076\004\077\004\076\004\073\004\075\004\065\004\075\004\070\004\065}{section.1.1}% 11
\BOOKMARK [1][-]{section.1.2}{\376\377\004\034\004\076\004\064\004\065\004\073\004\114\000\040\000k\000s\000v\000m\000\040\004\101\000\040\004\117\004\064\004\100\004\076\004\074\000\040\000r\000b\000f\000d\000o\000t}{chapter.1}% 12
\BOOKMARK [2][-]{subsection.1.2.1}{\376\377\004\034\004\060\004\102\004\065\004\074\004\060\004\102\004\070\004\107\004\065\004\101\004\072\004\076\004\065\000\040\004\076\004\077\004\070\004\101\004\060\004\075\004\070\004\065}{section.1.2}% 13
\BOOKMARK [2][-]{subsection.1.2.2}{\376\377\000R\000B\000F\000-\004\117\004\064\004\100\004\076}{section.1.2}% 14
\BOOKMARK [2][-]{subsection.1.2.3}{\376\377\004\022\004\113\004\062\004\076\004\064\000\040\004\062\004\065\004\100\004\076\004\117\004\102\004\075\004\076\004\101\004\102\004\065\004\071}{section.1.2}% 15
\BOOKMARK [2][-]{subsection.1.2.4}{\376\377\004\036\004\106\004\065\004\075\004\072\004\060\000\040\004\074\004\076\004\064\004\065\004\073\004\070}{section.1.2}% 16
\BOOKMARK [0][-]{chapter.2}{\376\377\004\037\004\100\004\076\004\063\004\100\004\060\004\074\004\074\004\075\004\060\004\117\000\040\004\107\004\060\004\101\004\102\004\114}{}% 17
\BOOKMARK [1][-]{section.2.1}{\376\377\004\037\004\076\004\064\004\063\004\076\004\102\004\076\004\062\004\072\004\060\000\040\004\064\004\060\004\075\004\075\004\113\004\105}{chapter.2}% 18
\BOOKMARK [1][-]{section.2.2}{\376\377\004\044\004\076\004\100\004\074\004\070\004\100\004\076\004\062\004\060\004\075\004\070\004\065\000\040\000s\000o\000f\000t\000m\000a\000x\000\040\004\074\004\076\004\064\004\065\004\073\004\070}{chapter.2}% 19
\BOOKMARK [2][-]{subsection.2.2.1}{\376\377\004\036\004\106\004\065\004\075\004\072\004\060\000\040\004\074\004\076\004\064\004\065\004\073\004\070}{section.2.2}% 20
\BOOKMARK [2][-]{subsection.2.2.2}{\376\377\004\036\004\106\004\065\004\075\004\072\004\060\000\040\004\067\004\075\004\060\004\107\004\070\004\074\004\076\004\101\004\102\004\070}{section.2.2}% 21
\BOOKMARK [2][-]{subsection.2.2.3}{\376\377\004\036\004\077\004\102\004\070\004\074\004\060\004\073\004\114\004\075\004\060\004\117\000\040\004\074\004\076\004\064\004\065\004\073\004\114}{section.2.2}% 22
\BOOKMARK [2][-]{subsection.2.2.4}{\376\377\004\044\004\070\004\075\004\060\004\073\004\114\004\075\004\113\004\065\000\040\004\102\004\065\004\101\004\102}{section.2.2}% 23
\BOOKMARK [2][-]{subsection.2.2.5}{\376\377\004\022\004\113\004\062\004\076\004\064\000\040\004\077\004\076\000\040\004\072\004\073\004\060\004\101\004\101\004\070\004\104\004\070\004\072\004\060\004\106\004\070\004\070\000\040\000s\000o\000f\000t\000m\000a\000x}{section.2.2}% 24
\BOOKMARK [1][-]{section.2.3}{\376\377\000S\000V\000M\000-\004\074\004\076\004\064\004\065\004\073\004\114}{chapter.2}% 25
\BOOKMARK [0][-]{section*.31}{\376\377\004\041\004\077\004\070\004\101\004\076\004\072\000\040\000\040\004\070\004\101\004\077\004\076\004\073\004\114\004\067\004\076\004\062\004\060\004\075\004\075\004\113\004\105\000\040\000\040\004\070\004\101\004\102\004\076\004\107\004\075\004\070\004\072\004\076\004\062}{}% 26
